0 info it worked if it ends with ok
1 verbose cli [ '/Users/jeremym/.nvm/versions/node/v5.12.0/bin/node',
1 verbose cli   '/Users/jeremym/.nvm/versions/node/v5.12.0/bin/npm',
1 verbose cli   'run',
1 verbose cli   'serve' ]
2 info using npm@3.8.6
3 info using node@v5.12.0
4 verbose run-script [ 'preserve', 'serve', 'postserve' ]
5 info lifecycle bangers_client@0.1.0~preserve: bangers_client@0.1.0
6 silly lifecycle bangers_client@0.1.0~preserve: no script for preserve, continuing
7 info lifecycle bangers_client@0.1.0~serve: bangers_client@0.1.0
8 verbose lifecycle bangers_client@0.1.0~serve: unsafe-perm in lifecycle true
9 verbose lifecycle bangers_client@0.1.0~serve: PATH: /Users/jeremym/.nvm/versions/node/v5.12.0/lib/node_modules/npm/bin/node-gyp-bin:/Users/jeremym/Documents/Personal/bangers/bangers_client/node_modules/.bin:/Users/jeremym/.nvm/versions/node/v5.12.0/bin:/Users/jeremym/.nvm/versions/node/v5.12.0/bin:/usr/bin:/bin:/usr/sbin:/sbin:/Users/jeremym/bin
10 verbose lifecycle bangers_client@0.1.0~serve: CWD: /Users/jeremym/Documents/Personal/bangers/bangers_client
11 silly lifecycle bangers_client@0.1.0~serve: Args: [ '-c', 'vue-cli-service serve' ]
12 silly lifecycle bangers_client@0.1.0~serve: Returned: code: 1  signal: null
13 info lifecycle bangers_client@0.1.0~serve: Failed to exec serve script
14 verbose stack Error: bangers_client@0.1.0 serve: `vue-cli-service serve`
14 verbose stack Exit status 1
14 verbose stack     at EventEmitter.<anonymous> (/Users/jeremym/.nvm/versions/node/v5.12.0/lib/node_modules/npm/lib/utils/lifecycle.js:239:16)
14 verbose stack     at emitTwo (events.js:100:13)
14 verbose stack     at EventEmitter.emit (events.js:185:7)
14 verbose stack     at ChildProcess.<anonymous> (/Users/jeremym/.nvm/versions/node/v5.12.0/lib/node_modules/npm/lib/utils/spawn.js:24:14)
14 verbose stack     at emitTwo (events.js:100:13)
14 verbose stack     at ChildProcess.emit (events.js:185:7)
14 verbose stack     at maybeClose (internal/child_process.js:850:16)
14 verbose stack     at Process.ChildProcess._handle.onexit (internal/child_process.js:215:5)
15 verbose pkgid bangers_client@0.1.0
16 verbose cwd /Users/jeremym/Documents/Personal/bangers/bangers_client
17 error Darwin 18.2.0
18 error argv "/Users/jeremym/.nvm/versions/node/v5.12.0/bin/node" "/Users/jeremym/.nvm/versions/node/v5.12.0/bin/npm" "run" "serve"
19 error node v5.12.0
20 error npm  v3.8.6
21 error code ELIFECYCLE
22 error bangers_client@0.1.0 serve: `vue-cli-service serve`
22 error Exit status 1
23 error Failed at the bangers_client@0.1.0 serve script 'vue-cli-service serve'.
23 error Make sure you have the latest version of node.js and npm installed.
23 error If you do, this is most likely a problem with the bangers_client package,
23 error not with npm itself.
23 error Tell the author that this fails on your system:
23 error     vue-cli-service serve
23 error You can get information on how to open an issue for this project with:
23 error     npm bugs bangers_client
23 error Or if that isn't available, you can get their info via:
23 error     npm owner ls bangers_client
23 error There is likely additional logging output above.
24 verbose exit [ 1, true ]
